<?xml version="1.0" encoding="UTF-8"?>
<testng-results total="1" passed="1" failed="0" skipped="0">
  <reporter-output>
  </reporter-output>
  <suite started-at="2024-11-17T10:46:03Z" name="Default suite" finished-at="2024-11-17T10:46:27Z" duration-ms="23397">
    <groups>
    </groups>
    <test started-at="2024-11-17T10:46:03Z" name="Default test" finished-at="2024-11-17T10:46:27Z" duration-ms="23397">
      <class name="runner.TestRunner">
        <test-method is-config="true" signature="setup()[pri:0, instance:runner.TestRunner@d771cc9]" started-at="2024-11-17T16:16:03Z" name="setup" finished-at="2024-11-17T16:16:08Z" duration-ms="5106" status="PASS">
          <reporter-output>
          </reporter-output>
        </test-method> <!-- setup -->
        <test-method signature="Automation_Tests()[pri:0, instance:runner.TestRunner@d771cc9]" started-at="2024-11-17T16:16:08Z" name="Automation_Tests" finished-at="2024-11-17T16:16:27Z" duration-ms="18271" status="PASS">
          <reporter-output>
          </reporter-output>
        </test-method> <!-- Automation_Tests -->
      </class> <!-- runner.TestRunner -->
    </test> <!-- Default test -->
  </suite> <!-- Default suite -->
</testng-results>
